<?xml version="1.0" encoding="UTF-8"?>
<!-- Generated by org.testng.reporters.JUnitReportReporter -->
<testsuite skipped="0" hostname="C-113" name="login.eKomiConnect_Login" tests="1" failures="0" timestamp="17 Apr 2017 12:04:35 GMT" time="22.376" errors="0">
  <testcase name="ekomi_connect" time="22.376" classname="login.eKomiConnect_Login"/>
</testsuite> <!-- login.eKomiConnect_Login -->
