<?xml version="1.0" encoding="UTF-8"?>
<!-- Generated by org.testng.reporters.JUnitReportReporter -->
<testsuite skipped="0" hostname="C-113" name="login.Create_New_Form" tests="1" failures="0" timestamp="19 Apr 2017 08:36:17 GMT" time="9.687" errors="0">
  <testcase name="invalid_shop" time="9.687" classname="login.Create_New_Form"/>
</testsuite> <!-- login.Create_New_Form -->
