<?xml version="1.0" encoding="UTF-8"?>
<!-- Generated by org.testng.reporters.JUnitReportReporter -->
<testsuite skipped="0" hostname="C-113" name="login.login" tests="4" failures="0" timestamp="17 Apr 2017 07:40:41 GMT" time="42.265" errors="0">
  <testcase name="invalid_shop" time="10.071" classname="login.login"/>
  <testcase name="invalid_password" time="9.205" classname="login.login"/>
  <testcase name="empty_credentials" time="9.303" classname="login.login"/>
  <testcase name="valid_case" time="13.686" classname="login.login"/>
</testsuite> <!-- login.login -->
